TN:
SF:src\entities.ts
FNF:0
FNH:0
DA:1,0
DA:4,0
LF:2
LH:0
BRF:0
BRH:0
end_of_record
TN:
SF:src\common\pipes\validar-imc-pipe.ts
FN:6,(anonymous_1)
FNF:1
FNH:1
FNDA:13,(anonymous_1)
DA:1,1
DA:5,1
DA:7,13
DA:8,13
DA:9,4
DA:11,9
DA:12,4
DA:14,5
LF:8
LH:8
BRDA:8,0,0,4
BRDA:8,1,0,13
BRDA:8,1,1,11
BRDA:11,2,0,4
BRDA:11,3,0,9
BRDA:11,3,1,7
BRF:6
BRH:6
end_of_record
TN:
SF:src\common\utils\mapper.util.ts
FN:6,(anonymous_0)
FN:16,(anonymous_1)
FNF:2
FNH:2
FNDA:5,(anonymous_0)
FNDA:4,(anonymous_1)
DA:5,1
DA:7,5
DA:17,4
LF:3
LH:3
BRDA:19,0,0,0
BRDA:19,0,1,4
BRDA:20,1,0,0
BRDA:20,1,1,4
BRDA:21,2,0,0
BRDA:21,2,1,4
BRDA:23,3,0,0
BRDA:23,3,1,4
BRF:8
BRH:4
end_of_record
TN:
SF:src\module\imc\imc.controller.ts
FN:30,(anonymous_4)
FN:87,(anonymous_5)
FN:148,(anonymous_6)
FN:187,(anonymous_7)
FN:216,(anonymous_8)
FNF:5
FNH:2
FNDA:1,(anonymous_4)
FNDA:5,(anonymous_5)
FNDA:0,(anonymous_6)
FNDA:0,(anonymous_7)
FNDA:0,(anonymous_8)
DA:2,1
DA:9,1
DA:19,1
DA:20,1
DA:21,1
DA:22,1
DA:29,1
DA:30,1
DA:87,1
DA:90,5
DA:148,1
DA:157,0
DA:187,1
DA:191,0
DA:216,1
DA:220,0
LF:16
LH:13
BRF:0
BRH:0
end_of_record
TN:
SF:src\module\imc\imc.service.ts
FN:11,(anonymous_4)
FN:16,(anonymous_5)
FN:45,(anonymous_6)
FN:57,(anonymous_7)
FN:65,(anonymous_8)
FNF:5
FNH:5
FNDA:3,(anonymous_4)
FNDA:108,(anonymous_5)
FNDA:4,(anonymous_6)
FNDA:1,(anonymous_7)
FNDA:1,(anonymous_8)
DA:1,1
DA:5,1
DA:10,1
DA:13,3
DA:17,108
DA:19,108
DA:20,108
DA:23,108
DA:24,82
DA:25,53
DA:26,26
DA:29,108
DA:32,108
DA:40,108
DA:42,108
DA:52,4
DA:54,4
DA:61,1
DA:62,1
DA:69,1
LF:20
LH:20
BRDA:23,0,0,26
BRDA:23,0,1,82
BRDA:24,1,0,29
BRDA:24,1,1,53
BRDA:25,2,0,27
BRDA:25,2,1,26
BRF:6
BRH:6
end_of_record
TN:
SF:src\module\imc\dto\calcular-imc-dto.ts
FNF:0
FNH:0
DA:2,1
DA:3,1
DA:5,1
DA:8,1
DA:12,1
LF:5
LH:5
BRF:0
BRH:0
end_of_record
