TN:
SF:src\entities.ts
FNF:0
FNH:0
DA:1,0
DA:4,0
LF:2
LH:0
BRF:0
BRH:0
end_of_record
TN:
SF:src\common\pipes\validar-imc-pipe.ts
FN:6,(anonymous_1)
FNF:1
FNH:1
FNDA:13,(anonymous_1)
DA:1,1
DA:5,1
DA:7,13
DA:8,13
DA:9,4
DA:11,9
DA:12,4
DA:14,5
LF:8
LH:8
BRDA:8,0,0,4
BRDA:8,1,0,13
BRDA:8,1,1,11
BRDA:11,2,0,4
BRDA:11,3,0,9
BRDA:11,3,1,7
BRF:6
BRH:6
end_of_record
TN:
SF:src\common\utils\mapper.util.ts
FN:5,(anonymous_0)
FNF:1
FNH:1
FNDA:5,(anonymous_0)
DA:4,1
DA:6,5
LF:2
LH:2
BRF:0
BRH:0
end_of_record
TN:
SF:src\module\imc\imc.controller.ts
FN:30,(anonymous_4)
FN:88,(anonymous_5)
FN:151,(anonymous_6)
FNF:3
FNH:2
FNDA:1,(anonymous_4)
FNDA:5,(anonymous_5)
FNDA:0,(anonymous_6)
DA:2,1
DA:9,1
DA:19,1
DA:20,1
DA:22,1
DA:29,1
DA:30,1
DA:88,1
DA:93,5
DA:151,1
DA:160,0
LF:11
LH:10
BRF:0
BRH:0
end_of_record
TN:
SF:src\module\imc\imc.service.ts
FN:10,(anonymous_4)
FN:15,(anonymous_5)
FN:44,(anonymous_6)
FNF:3
FNH:3
FNDA:2,(anonymous_4)
FNDA:8,(anonymous_5)
FNDA:4,(anonymous_6)
DA:1,1
DA:6,1
DA:9,1
DA:12,2
DA:16,8
DA:18,8
DA:19,8
DA:22,8
DA:23,7
DA:24,3
DA:25,1
DA:28,8
DA:31,8
DA:39,8
DA:41,8
DA:51,4
DA:53,4
LF:17
LH:17
BRDA:15,0,0,8
BRDA:22,1,0,1
BRDA:22,1,1,7
BRDA:23,2,0,4
BRDA:23,2,1,3
BRDA:24,3,0,2
BRDA:24,3,1,1
BRF:7
BRH:7
end_of_record
TN:
SF:src\module\imc\dto\calcular-imc-dto.ts
FNF:0
FNH:0
DA:2,1
DA:3,1
DA:5,1
DA:8,1
DA:12,1
LF:5
LH:5
BRF:0
BRH:0
end_of_record
